<?xml version="1.0" encoding="UTF-8"?>
<!-- Generated by org.testng.reporters.JUnitReportReporter -->
<testsuite hostname="JPUTTA-LAP" failures="0" tests="1" name="com.test.medicare.MedicareAppTest" time="28.313" errors="0" timestamp="2021-08-10T16:17:17 IST" skipped="0">
  <testcase classname="com.test.medicare.MedicareAppTest" name="medicareApptest" time="28.313"/>
  <system-out/>
</testsuite> <!-- com.test.medicare.MedicareAppTest -->
