<?xml version="1.0" encoding="UTF-8"?>
<!-- Generated by org.testng.reporters.JUnitReportReporter -->
<testsuite hostname="JPUTTA-LAP" failures="0" tests="1" name="com.test.medicare.MedicareEndUser" time="14.559" errors="0" timestamp="2021-08-02T20:41:02 IST" skipped="0">
  <testcase classname="com.test.medicare.MedicareEndUser" name="testTitle" time="14.559"/>
  <system-out/>
</testsuite> <!-- com.test.medicare.MedicareEndUser -->
