<?xml version="1.0" encoding="UTF-8"?>
<!-- Generated by org.testng.reporters.JUnitReportReporter -->
<testsuite hostname="JPUTTA-LAP" failures="0" tests="1" name="com.test.medicare.MedicareAppAdminUserTest" time="46.245" errors="0" timestamp="2021-08-11T12:29:55 IST" skipped="0">
  <testcase classname="com.test.medicare.MedicareAppAdminUserTest" name="medicareApptest" time="46.245"/>
  <system-out/>
</testsuite> <!-- com.test.medicare.MedicareAppAdminUserTest -->
