<?xml version="1.0" encoding="UTF-8"?>
<!-- Generated by org.testng.reporters.JUnitReportReporter -->
<testsuite hostname="JPUTTA-LAP" failures="0" tests="1" name="com.test.medicare.MedicareAppEndUserTest" time="55.478" errors="0" timestamp="2021-08-11T15:33:49 IST" skipped="0">
  <testcase classname="com.test.medicare.MedicareAppEndUserTest" name="medicareApptest" time="55.478"/>
  <system-out/>
</testsuite> <!-- com.test.medicare.MedicareAppEndUserTest -->
