<?xml version="1.0" encoding="UTF-8"?>
<!-- Generated by org.testng.reporters.JUnitReportReporter -->
<testsuite hostname="JPUTTA-LAP" failures="0" tests="1" name="com.test.medicare.MedicareAppAdminUserTest" time="43.204" errors="0" timestamp="2021-08-11T15:11:23 IST" skipped="0">
  <testcase classname="com.test.medicare.MedicareAppAdminUserTest" name="medicareApptest" time="43.204"/>
  <system-out/>
</testsuite> <!-- com.test.medicare.MedicareAppAdminUserTest -->
